CRITICAL - 2024-03-11 11:51:30 --> ErrorException: Undefined variable: title
in APPPATH\Views\layouts_admin\template_admin.php on line 6.
 1 APPPATH\Views\layouts_admin\template_admin.php(6): CodeIgniter\Debug\Exceptions->errorHandler(8, 'Undefined variable: title', 'E:\\xampp\\htdocs\\donorDarah\\app\\Views\\layouts_admin\\template_admin.php', 6, [])
 2 SYSTEMPATH\View\View.php(228): include('E:\\xampp\\htdocs\\donorDarah\\app\\Views\\layouts_admin\\template_admin.php')
 3 SYSTEMPATH\View\View.php(231): CodeIgniter\View\View->CodeIgniter\View\{closure}()
 4 SYSTEMPATH\View\View.php(244): CodeIgniter\View\View->render('layouts_admin/template_admin', [], true)
 5 SYSTEMPATH\Common.php(1178): CodeIgniter\View\View->render('rumahsakit/index', [], true)
 6 APPPATH\Controllers\DataRs.php(10): view('rumahsakit/index')
 7 SYSTEMPATH\CodeIgniter.php(941): App\Controllers\DataRs->index()
 8 SYSTEMPATH\CodeIgniter.php(502): CodeIgniter\CodeIgniter->runController(Object(App\Controllers\DataRs))
 9 SYSTEMPATH\CodeIgniter.php(361): CodeIgniter\CodeIgniter->handleRequest(null, Object(Config\Cache), false)
10 FCPATH\index.php(79): CodeIgniter\CodeIgniter->run()
11 SYSTEMPATH\Commands\Server\rewrite.php(47): require_once('E:\\xampp\\htdocs\\donorDarah\\public\\index.php')
CRITICAL - 2024-03-11 11:53:02 --> ErrorException: Undefined variable: title
in APPPATH\Views\layouts_admin\template_admin.php on line 6.
 1 APPPATH\Views\layouts_admin\template_admin.php(6): CodeIgniter\Debug\Exceptions->errorHandler(8, 'Undefined variable: title', 'E:\\xampp\\htdocs\\donorDarah\\app\\Views\\layouts_admin\\template_admin.php', 6, [])
 2 SYSTEMPATH\View\View.php(228): include('E:\\xampp\\htdocs\\donorDarah\\app\\Views\\layouts_admin\\template_admin.php')
 3 SYSTEMPATH\View\View.php(231): CodeIgniter\View\View->CodeIgniter\View\{closure}()
 4 SYSTEMPATH\View\View.php(244): CodeIgniter\View\View->render('layouts_admin/template_admin', [], true)
 5 SYSTEMPATH\Common.php(1178): CodeIgniter\View\View->render('rumahsakit/index', [], true)
 6 APPPATH\Controllers\DataRs.php(10): view('rumahsakit/index')
 7 SYSTEMPATH\CodeIgniter.php(941): App\Controllers\DataRs->index()
 8 SYSTEMPATH\CodeIgniter.php(502): CodeIgniter\CodeIgniter->runController(Object(App\Controllers\DataRs))
 9 SYSTEMPATH\CodeIgniter.php(361): CodeIgniter\CodeIgniter->handleRequest(null, Object(Config\Cache), false)
10 FCPATH\index.php(79): CodeIgniter\CodeIgniter->run()
11 SYSTEMPATH\Commands\Server\rewrite.php(47): require_once('E:\\xampp\\htdocs\\donorDarah\\public\\index.php')
CRITICAL - 2024-03-11 11:53:03 --> ErrorException: Undefined variable: title
in APPPATH\Views\layouts_admin\template_admin.php on line 6.
 1 APPPATH\Views\layouts_admin\template_admin.php(6): CodeIgniter\Debug\Exceptions->errorHandler(8, 'Undefined variable: title', 'E:\\xampp\\htdocs\\donorDarah\\app\\Views\\layouts_admin\\template_admin.php', 6, [])
 2 SYSTEMPATH\View\View.php(228): include('E:\\xampp\\htdocs\\donorDarah\\app\\Views\\layouts_admin\\template_admin.php')
 3 SYSTEMPATH\View\View.php(231): CodeIgniter\View\View->CodeIgniter\View\{closure}()
 4 SYSTEMPATH\View\View.php(244): CodeIgniter\View\View->render('layouts_admin/template_admin', [], true)
 5 SYSTEMPATH\Common.php(1178): CodeIgniter\View\View->render('rumahsakit/index', [], true)
 6 APPPATH\Controllers\DataRs.php(10): view('rumahsakit/index')
 7 SYSTEMPATH\CodeIgniter.php(941): App\Controllers\DataRs->index()
 8 SYSTEMPATH\CodeIgniter.php(502): CodeIgniter\CodeIgniter->runController(Object(App\Controllers\DataRs))
 9 SYSTEMPATH\CodeIgniter.php(361): CodeIgniter\CodeIgniter->handleRequest(null, Object(Config\Cache), false)
10 FCPATH\index.php(79): CodeIgniter\CodeIgniter->run()
11 SYSTEMPATH\Commands\Server\rewrite.php(47): require_once('E:\\xampp\\htdocs\\donorDarah\\public\\index.php')
CRITICAL - 2024-03-11 11:53:04 --> ErrorException: Undefined variable: title
in APPPATH\Views\layouts_admin\template_admin.php on line 6.
 1 APPPATH\Views\layouts_admin\template_admin.php(6): CodeIgniter\Debug\Exceptions->errorHandler(8, 'Undefined variable: title', 'E:\\xampp\\htdocs\\donorDarah\\app\\Views\\layouts_admin\\template_admin.php', 6, [])
 2 SYSTEMPATH\View\View.php(228): include('E:\\xampp\\htdocs\\donorDarah\\app\\Views\\layouts_admin\\template_admin.php')
 3 SYSTEMPATH\View\View.php(231): CodeIgniter\View\View->CodeIgniter\View\{closure}()
 4 SYSTEMPATH\View\View.php(244): CodeIgniter\View\View->render('layouts_admin/template_admin', [], true)
 5 SYSTEMPATH\Common.php(1178): CodeIgniter\View\View->render('rumahsakit/index', [], true)
 6 APPPATH\Controllers\DataRs.php(10): view('rumahsakit/index')
 7 SYSTEMPATH\CodeIgniter.php(941): App\Controllers\DataRs->index()
 8 SYSTEMPATH\CodeIgniter.php(502): CodeIgniter\CodeIgniter->runController(Object(App\Controllers\DataRs))
 9 SYSTEMPATH\CodeIgniter.php(361): CodeIgniter\CodeIgniter->handleRequest(null, Object(Config\Cache), false)
10 FCPATH\index.php(79): CodeIgniter\CodeIgniter->run()
11 SYSTEMPATH\Commands\Server\rewrite.php(47): require_once('E:\\xampp\\htdocs\\donorDarah\\public\\index.php')
CRITICAL - 2024-03-11 11:53:06 --> ErrorException: Undefined variable: title
in APPPATH\Views\layouts_admin\template_admin.php on line 6.
 1 APPPATH\Views\layouts_admin\template_admin.php(6): CodeIgniter\Debug\Exceptions->errorHandler(8, 'Undefined variable: title', 'E:\\xampp\\htdocs\\donorDarah\\app\\Views\\layouts_admin\\template_admin.php', 6, [])
 2 SYSTEMPATH\View\View.php(228): include('E:\\xampp\\htdocs\\donorDarah\\app\\Views\\layouts_admin\\template_admin.php')
 3 SYSTEMPATH\View\View.php(231): CodeIgniter\View\View->CodeIgniter\View\{closure}()
 4 SYSTEMPATH\View\View.php(244): CodeIgniter\View\View->render('layouts_admin/template_admin', [], true)
 5 SYSTEMPATH\Common.php(1178): CodeIgniter\View\View->render('rumahsakit/index', [], true)
 6 APPPATH\Controllers\DataRs.php(10): view('rumahsakit/index')
 7 SYSTEMPATH\CodeIgniter.php(941): App\Controllers\DataRs->index()
 8 SYSTEMPATH\CodeIgniter.php(502): CodeIgniter\CodeIgniter->runController(Object(App\Controllers\DataRs))
 9 SYSTEMPATH\CodeIgniter.php(361): CodeIgniter\CodeIgniter->handleRequest(null, Object(Config\Cache), false)
10 FCPATH\index.php(79): CodeIgniter\CodeIgniter->run()
11 SYSTEMPATH\Commands\Server\rewrite.php(47): require_once('E:\\xampp\\htdocs\\donorDarah\\public\\index.php')
CRITICAL - 2024-03-11 11:54:07 --> ErrorException: Undefined variable: title
in APPPATH\Views\layouts_admin\template_admin.php on line 6.
 1 APPPATH\Views\layouts_admin\template_admin.php(6): CodeIgniter\Debug\Exceptions->errorHandler(8, 'Undefined variable: title', 'E:\\xampp\\htdocs\\donorDarah\\app\\Views\\layouts_admin\\template_admin.php', 6, [])
 2 SYSTEMPATH\View\View.php(228): include('E:\\xampp\\htdocs\\donorDarah\\app\\Views\\layouts_admin\\template_admin.php')
 3 SYSTEMPATH\View\View.php(231): CodeIgniter\View\View->CodeIgniter\View\{closure}()
 4 SYSTEMPATH\View\View.php(244): CodeIgniter\View\View->render('layouts_admin/template_admin', [], true)
 5 SYSTEMPATH\Common.php(1178): CodeIgniter\View\View->render('rumahsakit/index', [], true)
 6 APPPATH\Controllers\DataRs.php(10): view('rumahsakit/index')
 7 SYSTEMPATH\CodeIgniter.php(941): App\Controllers\DataRs->index()
 8 SYSTEMPATH\CodeIgniter.php(502): CodeIgniter\CodeIgniter->runController(Object(App\Controllers\DataRs))
 9 SYSTEMPATH\CodeIgniter.php(361): CodeIgniter\CodeIgniter->handleRequest(null, Object(Config\Cache), false)
10 FCPATH\index.php(79): CodeIgniter\CodeIgniter->run()
11 SYSTEMPATH\Commands\Server\rewrite.php(47): require_once('E:\\xampp\\htdocs\\donorDarah\\public\\index.php')
CRITICAL - 2024-03-11 11:54:30 --> TypeError: Argument 2 passed to view() must be of the type array, string given, called in E:\xampp\htdocs\donorDarah\app\Controllers\DataRs.php on line 10
in SYSTEMPATH\Common.php on line 1166.
 1 APPPATH\Controllers\DataRs.php(10): view('rumahsakit/index', 'Bantu Donor - Data Rumah Sakit')
 2 SYSTEMPATH\CodeIgniter.php(941): App\Controllers\DataRs->index()
 3 SYSTEMPATH\CodeIgniter.php(502): CodeIgniter\CodeIgniter->runController(Object(App\Controllers\DataRs))
 4 SYSTEMPATH\CodeIgniter.php(361): CodeIgniter\CodeIgniter->handleRequest(null, Object(Config\Cache), false)
 5 FCPATH\index.php(79): CodeIgniter\CodeIgniter->run()
 6 SYSTEMPATH\Commands\Server\rewrite.php(47): require_once('E:\\xampp\\htdocs\\donorDarah\\public\\index.php')
CRITICAL - 2024-03-11 11:55:11 --> ErrorException: Undefined variable: title
in APPPATH\Controllers\DataRs.php on line 10.
 1 APPPATH\Controllers\DataRs.php(10): CodeIgniter\Debug\Exceptions->errorHandler(8, 'Undefined variable: title', 'E:\\xampp\\htdocs\\donorDarah\\app\\Controllers\\DataRs.php', 10, [...])
 2 SYSTEMPATH\CodeIgniter.php(941): App\Controllers\DataRs->index()
 3 SYSTEMPATH\CodeIgniter.php(502): CodeIgniter\CodeIgniter->runController(Object(App\Controllers\DataRs))
 4 SYSTEMPATH\CodeIgniter.php(361): CodeIgniter\CodeIgniter->handleRequest(null, Object(Config\Cache), false)
 5 FCPATH\index.php(79): CodeIgniter\CodeIgniter->run()
 6 SYSTEMPATH\Commands\Server\rewrite.php(47): require_once('E:\\xampp\\htdocs\\donorDarah\\public\\index.php')
CRITICAL - 2024-03-11 13:35:45 --> CodeIgniter\View\Exceptions\ViewException: Invalid file: "rumahsakit/index.php"
in SYSTEMPATH\Exceptions\FrameworkException.php on line 39.
 1 SYSTEMPATH\View\View.php(216): CodeIgniter\Exceptions\FrameworkException::forInvalidFile('rumahsakit/index.php')
 2 SYSTEMPATH\Common.php(1178): CodeIgniter\View\View->render('rumahsakit/index', [], true)
 3 APPPATH\Controllers\DataStok.php(10): view('rumahsakit/index', [...])
 4 SYSTEMPATH\CodeIgniter.php(941): App\Controllers\DataStok->index()
 5 SYSTEMPATH\CodeIgniter.php(502): CodeIgniter\CodeIgniter->runController(Object(App\Controllers\DataStok))
 6 SYSTEMPATH\CodeIgniter.php(361): CodeIgniter\CodeIgniter->handleRequest(null, Object(Config\Cache), false)
 7 FCPATH\index.php(79): CodeIgniter\CodeIgniter->run()
 8 SYSTEMPATH\Commands\Server\rewrite.php(47): require_once('E:\\xampp\\htdocs\\donorDarah\\public\\index.php')
CRITICAL - 2024-03-11 13:36:18 --> CodeIgniter\View\Exceptions\ViewException: Invalid file: "admin/datastok.php"
in SYSTEMPATH\Exceptions\FrameworkException.php on line 39.
 1 SYSTEMPATH\View\View.php(216): CodeIgniter\Exceptions\FrameworkException::forInvalidFile('admin/datastok.php')
 2 SYSTEMPATH\Common.php(1178): CodeIgniter\View\View->render('admin/datastok', [], true)
 3 APPPATH\Controllers\DataStok.php(10): view('admin/datastok', [...])
 4 SYSTEMPATH\CodeIgniter.php(941): App\Controllers\DataStok->index()
 5 SYSTEMPATH\CodeIgniter.php(502): CodeIgniter\CodeIgniter->runController(Object(App\Controllers\DataStok))
 6 SYSTEMPATH\CodeIgniter.php(361): CodeIgniter\CodeIgniter->handleRequest(null, Object(Config\Cache), false)
 7 FCPATH\index.php(79): CodeIgniter\CodeIgniter->run()
 8 SYSTEMPATH\Commands\Server\rewrite.php(47): require_once('E:\\xampp\\htdocs\\donorDarah\\public\\index.php')
